<?xml version="1.0" encoding="UTF-8"?>
<!-- Generated by org.testng.reporters.JUnitXMLReporter -->
<testsuite hostname="DESKTOP-953G68F" ignored="0" name="JPetStore_Test" tests="4" failures="0" timestamp="2020-04-13T13:21:33 IST" time="123.74" errors="0">
  <testcase name="login" time="37.149" classname="miniproject_Runner.TestRunner"/>
  <testcase name="login" time="18.278" classname="miniproject_Runner.TestRunner2"/>
  <testcase name="login" time="39.395" classname="miniproject_Runner.TestRunner3"/>
  <testcase name="login" time="28.199" classname="miniproject_Runner.TestRunner4"/>
</testsuite> <!-- JPetStore_Test -->
